\BOOKMARK [1][]{section.2}{Introduction}{}% 1
\BOOKMARK [1][]{section.8}{Related Work}{}% 2
\BOOKMARK [2][]{subsection.9}{Analysis and Visualization for Fencing}{section.8}% 3
\BOOKMARK [2][]{subsection.10}{Sports Visualization and visual analytics}{section.8}% 4
\BOOKMARK [1][]{section.11}{Background and System Overview}{}% 5
\BOOKMARK [2][]{subsection.12}{Background}{section.11}% 6
\BOOKMARK [2][]{subsection.13}{Data Description}{section.11}% 7
\BOOKMARK [2][]{subsection.15}{Requirement Analysis}{section.11}% 8
\BOOKMARK [2][]{subsection.16}{System Overview}{section.11}% 9
\BOOKMARK [1][]{section.17}{FencingVis}{}% 10
\BOOKMARK [2][]{subsection.18}{Bout View}{section.17}% 11
\BOOKMARK [2][]{subsection.19}{Motion View}{section.17}% 12
\BOOKMARK [2][]{subsection.21}{Tactic Flow View}{section.17}% 13
\BOOKMARK [2][]{subsection.31}{Animation Replay}{section.17}% 14
\BOOKMARK [2][]{subsection.33}{Control Pannel}{section.17}% 15
\BOOKMARK [2][]{subsection.34}{Interaction}{section.17}% 16
\BOOKMARK [2][]{subsection.35}{Cross-View Analysis}{section.17}% 17
\BOOKMARK [1][]{section.36}{Case Study}{}% 18
\BOOKMARK [2][]{subsection.37}{Men's Sabre Individual Golden Match of 2017 World Fencing Championships}{section.36}% 19
\BOOKMARK [2][]{subsection.51}{Comparison of Three Bouts}{section.36}% 20
\BOOKMARK [1][]{section.53}{Conclusion}{}% 21
